This file contains any messages produced by compilers while
running configure, to aid debugging if configure makes a mistake.

It was created by vcdct configure 0.1, which was
generated by GNU Autoconf 2.65.  Invocation command line was

  $ ./configure --no-create --no-recursion

## --------- ##
## Platform. ##
## --------- ##

hostname = sdeprez-desktop
uname -m = i686
uname -r = 2.6.32-26-generic-pae
uname -s = Linux
uname -v = #48-Ubuntu SMP Wed Nov 24 10:31:20 UTC 2010

/usr/bin/uname -p = unknown
/bin/uname -X     = unknown

/bin/arch              = unknown
/usr/bin/arch -k       = unknown
/usr/convex/getsysinfo = unknown
/usr/bin/hostinfo      = unknown
/bin/machine           = unknown
/usr/bin/oslevel       = unknown
/bin/universe          = unknown

PATH: /home/pawel/bin
PATH: /usr/local/sbin
PATH: /usr/local/bin
PATH: /usr/sbin
PATH: /usr/bin
PATH: /sbin
PATH: /bin
PATH: /usr/games
PATH: /opt/modeltech_66a/modeltech/bin
PATH: /opt/Xilinx/12.1/ISE_DS/ISE/bin/lin/
PATH: /home/pawel/altera/10.0sp1/quartus/bin/


## ----------- ##
## Core tests. ##
## ----------- ##

configure:2331: checking for g++
configure:2347: found /usr/bin/g++
configure:2358: result: g++
configure:2385: checking for C++ compiler version
configure:2394: g++ --version >&5
g++ (Ubuntu 4.4.3-4ubuntu5) 4.4.3
Copyright (C) 2009 Free Software Foundation, Inc.
This is free software; see the source for copying conditions.  There is NO
warranty; not even for MERCHANTABILITY or FITNESS FOR A PARTICULAR PURPOSE.

configure:2405: $? = 0
configure:2394: g++ -v >&5
Using built-in specs.
Target: i486-linux-gnu
Configured with: ../src/configure -v --with-pkgversion='Ubuntu 4.4.3-4ubuntu5' --with-bugurl=file:///usr/share/doc/gcc-4.4/README.Bugs --enable-languages=c,c++,fortran,objc,obj-c++ --prefix=/usr --enable-shared --enable-multiarch --enable-linker-build-id --with-system-zlib --libexecdir=/usr/lib --without-included-gettext --enable-threads=posix --with-gxx-include-dir=/usr/include/c++/4.4 --program-suffix=-4.4 --enable-nls --enable-clocale=gnu --enable-libstdcxx-debug --enable-plugin --enable-objc-gc --enable-targets=all --disable-werror --with-arch-32=i486 --with-tune=generic --enable-checking=release --build=i486-linux-gnu --host=i486-linux-gnu --target=i486-linux-gnu
Thread model: posix
gcc version 4.4.3 (Ubuntu 4.4.3-4ubuntu5) 
configure:2405: $? = 0
configure:2394: g++ -V >&5
g++: '-V' option must have argument
configure:2405: $? = 1
configure:2394: g++ -qversion >&5
g++: unrecognized option '-qversion'
g++: no input files
configure:2405: $? = 1
configure:2425: checking whether the C++ compiler works
configure:2447: g++    conftest.cpp  >&5
configure:2451: $? = 0
configure:2500: result: yes
configure:2503: checking for C++ compiler default output file name
configure:2505: result: a.out
configure:2511: checking for suffix of executables
configure:2518: g++ -o conftest    conftest.cpp  >&5
configure:2522: $? = 0
configure:2544: result: 
configure:2566: checking whether we are cross compiling
configure:2574: g++ -o conftest    conftest.cpp  >&5
configure:2578: $? = 0
configure:2585: ./conftest
configure:2589: $? = 0
configure:2604: result: no
configure:2609: checking for suffix of object files
configure:2631: g++ -c   conftest.cpp >&5
configure:2635: $? = 0
configure:2656: result: o
configure:2660: checking whether we are using the GNU C++ compiler
configure:2679: g++ -c   conftest.cpp >&5
configure:2679: $? = 0
configure:2688: result: yes
configure:2697: checking whether g++ accepts -g
configure:2717: g++ -c -g  conftest.cpp >&5
configure:2717: $? = 0
configure:2758: result: yes
configure:2829: checking for gcc
configure:2845: found /usr/bin/gcc
configure:2856: result: gcc
configure:3085: checking for C compiler version
configure:3094: gcc --version >&5
gcc (Ubuntu 4.4.3-4ubuntu5) 4.4.3
Copyright (C) 2009 Free Software Foundation, Inc.
This is free software; see the source for copying conditions.  There is NO
warranty; not even for MERCHANTABILITY or FITNESS FOR A PARTICULAR PURPOSE.

configure:3105: $? = 0
configure:3094: gcc -v >&5
Using built-in specs.
Target: i486-linux-gnu
Configured with: ../src/configure -v --with-pkgversion='Ubuntu 4.4.3-4ubuntu5' --with-bugurl=file:///usr/share/doc/gcc-4.4/README.Bugs --enable-languages=c,c++,fortran,objc,obj-c++ --prefix=/usr --enable-shared --enable-multiarch --enable-linker-build-id --with-system-zlib --libexecdir=/usr/lib --without-included-gettext --enable-threads=posix --with-gxx-include-dir=/usr/include/c++/4.4 --program-suffix=-4.4 --enable-nls --enable-clocale=gnu --enable-libstdcxx-debug --enable-plugin --enable-objc-gc --enable-targets=all --disable-werror --with-arch-32=i486 --with-tune=generic --enable-checking=release --build=i486-linux-gnu --host=i486-linux-gnu --target=i486-linux-gnu
Thread model: posix
gcc version 4.4.3 (Ubuntu 4.4.3-4ubuntu5) 
configure:3105: $? = 0
configure:3094: gcc -V >&5
gcc: '-V' option must have argument
configure:3105: $? = 1
configure:3094: gcc -qversion >&5
gcc: unrecognized option '-qversion'
gcc: no input files
configure:3105: $? = 1
configure:3109: checking whether we are using the GNU C compiler
configure:3128: gcc -c   conftest.c >&5
configure:3128: $? = 0
configure:3137: result: yes
configure:3146: checking whether gcc accepts -g
configure:3166: gcc -c -g  conftest.c >&5
configure:3166: $? = 0
configure:3207: result: yes
configure:3224: checking for gcc option to accept ISO C89
configure:3288: gcc  -c -g -O2  conftest.c >&5
configure:3288: $? = 0
configure:3301: result: none needed
configure:3364: checking for ranlib
configure:3380: found /usr/bin/ranlib
configure:3391: result: ranlib
configure:3417: checking for gperf
configure:3433: found /usr/bin/gperf
configure:3444: result: gperf
configure:3505: checking for a BSD-compatible install
configure:3573: result: /usr/bin/install -c
configure:3584: checking whether build environment is sane
configure:3634: result: yes
configure:3775: checking for a thread-safe mkdir -p
configure:3814: result: /bin/mkdir -p
configure:3827: checking for gawk
configure:3843: found /usr/bin/gawk
configure:3854: result: gawk
configure:3865: checking whether make sets $(MAKE)
configure:3887: result: yes
configure:3917: checking for style of include used by make
configure:3945: result: GNU
configure:4030: checking dependency style of gcc
configure:4140: result: gcc3
configure:4157: checking dependency style of g++
configure:4267: result: gcc3
configure:4298: checking how to run the C++ preprocessor
configure:4325: g++ -E  conftest.cpp
configure:4325: $? = 0
configure:4339: g++ -E  conftest.cpp
conftest.cpp:11:28: error: ac_nonexistent.h: No such file or directory
configure:4339: $? = 1
configure: failed program was:
| /* confdefs.h */
| #define PACKAGE_NAME "vcdct"
| #define PACKAGE_TARNAME "vcdct"
| #define PACKAGE_VERSION "0.1"
| #define PACKAGE_STRING "vcdct 0.1"
| #define PACKAGE_BUGREPORT "pawel.szostek@cern.ch"
| #define PACKAGE_URL ""
| #define PACKAGE "vcdct"
| #define VERSION "0.1"
| /* end confdefs.h.  */
| #include <ac_nonexistent.h>
configure:4364: result: g++ -E
configure:4384: g++ -E  conftest.cpp
configure:4384: $? = 0
configure:4398: g++ -E  conftest.cpp
conftest.cpp:11:28: error: ac_nonexistent.h: No such file or directory
configure:4398: $? = 1
configure: failed program was:
| /* confdefs.h */
| #define PACKAGE_NAME "vcdct"
| #define PACKAGE_TARNAME "vcdct"
| #define PACKAGE_VERSION "0.1"
| #define PACKAGE_STRING "vcdct 0.1"
| #define PACKAGE_BUGREPORT "pawel.szostek@cern.ch"
| #define PACKAGE_URL ""
| #define PACKAGE "vcdct"
| #define VERSION "0.1"
| /* end confdefs.h.  */
| #include <ac_nonexistent.h>
configure:4427: checking for grep that handles long lines and -e
configure:4485: result: /bin/grep
configure:4490: checking for egrep
configure:4552: result: /bin/grep -E
configure:4557: checking for ANSI C header files
configure:4577: g++ -c -g -O2  conftest.cpp >&5
configure:4577: $? = 0
configure:4650: g++ -o conftest -g -O2   conftest.cpp  >&5
configure:4650: $? = 0
configure:4650: ./conftest
configure:4650: $? = 0
configure:4661: result: yes
configure:4674: checking for sys/types.h
configure:4674: g++ -c -g -O2  conftest.cpp >&5
configure:4674: $? = 0
configure:4674: result: yes
configure:4674: checking for sys/stat.h
configure:4674: g++ -c -g -O2  conftest.cpp >&5
configure:4674: $? = 0
configure:4674: result: yes
configure:4674: checking for stdlib.h
configure:4674: g++ -c -g -O2  conftest.cpp >&5
configure:4674: $? = 0
configure:4674: result: yes
configure:4674: checking for string.h
configure:4674: g++ -c -g -O2  conftest.cpp >&5
configure:4674: $? = 0
configure:4674: result: yes
configure:4674: checking for memory.h
configure:4674: g++ -c -g -O2  conftest.cpp >&5
configure:4674: $? = 0
configure:4674: result: yes
configure:4674: checking for strings.h
configure:4674: g++ -c -g -O2  conftest.cpp >&5
configure:4674: $? = 0
configure:4674: result: yes
configure:4674: checking for inttypes.h
configure:4674: g++ -c -g -O2  conftest.cpp >&5
configure:4674: $? = 0
configure:4674: result: yes
configure:4674: checking for stdint.h
configure:4674: g++ -c -g -O2  conftest.cpp >&5
configure:4674: $? = 0
configure:4674: result: yes
configure:4674: checking for unistd.h
configure:4674: g++ -c -g -O2  conftest.cpp >&5
configure:4674: $? = 0
configure:4674: result: yes
configure:4687: checking getopt.h usability
configure:4687: g++ -c -g -O2  conftest.cpp >&5
configure:4687: $? = 0
configure:4687: result: yes
configure:4687: checking getopt.h presence
configure:4687: g++ -E  conftest.cpp
configure:4687: $? = 0
configure:4687: result: yes
configure:4687: checking for getopt.h
configure:4687: result: yes
configure:4693: checking time.h usability
configure:4693: g++ -c -g -O2  conftest.cpp >&5
configure:4693: $? = 0
configure:4693: result: yes
configure:4693: checking time.h presence
configure:4693: g++ -E  conftest.cpp
configure:4693: $? = 0
configure:4693: result: yes
configure:4693: checking for time.h
configure:4693: result: yes
configure:4702: checking for inttypes.h
configure:4702: result: yes
configure:4702: checking limits.h usability
configure:4702: g++ -c -g -O2  conftest.cpp >&5
configure:4702: $? = 0
configure:4702: result: yes
configure:4702: checking limits.h presence
configure:4702: g++ -E  conftest.cpp
configure:4702: $? = 0
configure:4702: result: yes
configure:4702: checking for limits.h
configure:4702: result: yes
configure:4702: checking malloc.h usability
configure:4702: g++ -c -g -O2  conftest.cpp >&5
configure:4702: $? = 0
configure:4702: result: yes
configure:4702: checking malloc.h presence
configure:4702: g++ -E  conftest.cpp
configure:4702: $? = 0
configure:4702: result: yes
configure:4702: checking for malloc.h
configure:4702: result: yes
configure:4702: checking stddef.h usability
configure:4702: g++ -c -g -O2  conftest.cpp >&5
configure:4702: $? = 0
configure:4702: result: yes
configure:4702: checking stddef.h presence
configure:4702: g++ -E  conftest.cpp
configure:4702: $? = 0
configure:4702: result: yes
configure:4702: checking for stddef.h
configure:4702: result: yes
configure:4716: checking for stdlib.h
configure:4716: result: yes
configure:4716: checking for string.h
configure:4716: result: yes
configure:4716: checking for unistd.h
configure:4716: result: yes
configure:4716: checking stdio.h usability
configure:4716: g++ -c -g -O2  conftest.cpp >&5
configure:4716: $? = 0
configure:4716: result: yes
configure:4716: checking stdio.h presence
configure:4716: g++ -E  conftest.cpp
configure:4716: $? = 0
configure:4716: result: yes
configure:4716: checking for stdio.h
configure:4716: result: yes
configure:4730: checking string usability
configure:4730: g++ -c -g -O2  conftest.cpp >&5
configure:4730: $? = 0
configure:4730: result: yes
configure:4730: checking string presence
configure:4730: g++ -E  conftest.cpp
configure:4730: $? = 0
configure:4730: result: yes
configure:4730: checking for string
configure:4730: result: yes
configure:4730: checking iostream usability
configure:4730: g++ -c -g -O2  conftest.cpp >&5
configure:4730: $? = 0
configure:4730: result: yes
configure:4730: checking iostream presence
configure:4730: g++ -E  conftest.cpp
configure:4730: $? = 0
configure:4730: result: yes
configure:4730: checking for iostream
configure:4730: result: yes
configure:4730: checking utility usability
configure:4730: g++ -c -g -O2  conftest.cpp >&5
configure:4730: $? = 0
configure:4730: result: yes
configure:4730: checking utility presence
configure:4730: g++ -E  conftest.cpp
configure:4730: $? = 0
configure:4730: result: yes
configure:4730: checking for utility
configure:4730: result: yes
configure:4730: checking fstream usability
configure:4730: g++ -c -g -O2  conftest.cpp >&5
configure:4730: $? = 0
configure:4730: result: yes
configure:4730: checking fstream presence
configure:4730: g++ -E  conftest.cpp
configure:4730: $? = 0
configure:4730: result: yes
configure:4730: checking for fstream
configure:4730: result: yes
configure:4730: checking stdexcept usability
configure:4730: g++ -c -g -O2  conftest.cpp >&5
configure:4730: $? = 0
configure:4730: result: yes
configure:4730: checking stdexcept presence
configure:4730: g++ -E  conftest.cpp
configure:4730: $? = 0
configure:4730: result: yes
configure:4730: checking for stdexcept
configure:4730: result: yes
configure:4730: checking list usability
configure:4730: g++ -c -g -O2  conftest.cpp >&5
configure:4730: $? = 0
configure:4730: result: yes
configure:4730: checking list presence
configure:4730: g++ -E  conftest.cpp
configure:4730: $? = 0
configure:4730: result: yes
configure:4730: checking for list
configure:4730: result: yes
configure:4730: checking vector usability
configure:4730: g++ -c -g -O2  conftest.cpp >&5
configure:4730: $? = 0
configure:4730: result: yes
configure:4730: checking vector presence
configure:4730: g++ -E  conftest.cpp
configure:4730: $? = 0
configure:4730: result: yes
configure:4730: checking for vector
configure:4730: result: yes
configure:4730: checking map usability
configure:4730: g++ -c -g -O2  conftest.cpp >&5
configure:4730: $? = 0
configure:4730: result: yes
configure:4730: checking map presence
configure:4730: g++ -E  conftest.cpp
configure:4730: $? = 0
configure:4730: result: yes
configure:4730: checking for map
configure:4730: result: yes
configure:4730: checking iterator usability
configure:4730: g++ -c -g -O2  conftest.cpp >&5
configure:4730: $? = 0
configure:4730: result: yes
configure:4730: checking iterator presence
configure:4730: g++ -E  conftest.cpp
configure:4730: $? = 0
configure:4730: result: yes
configure:4730: checking for iterator
configure:4730: result: yes
configure:4730: checking algorithm usability
configure:4730: g++ -c -g -O2  conftest.cpp >&5
configure:4730: $? = 0
configure:4730: result: yes
configure:4730: checking algorithm presence
configure:4730: g++ -E  conftest.cpp
configure:4730: $? = 0
configure:4730: result: yes
configure:4730: checking for algorithm
configure:4730: result: yes
configure:4730: checking stack usability
configure:4730: g++ -c -g -O2  conftest.cpp >&5
configure:4730: $? = 0
configure:4730: result: yes
configure:4730: checking stack presence
configure:4730: g++ -E  conftest.cpp
configure:4730: $? = 0
configure:4730: result: yes
configure:4730: checking for stack
configure:4730: result: yes
configure:4744: checking boost/function.hpp usability
configure:4744: g++ -c -g -O2  conftest.cpp >&5
configure:4744: $? = 0
configure:4744: result: yes
configure:4744: checking boost/function.hpp presence
configure:4744: g++ -E  conftest.cpp
configure:4744: $? = 0
configure:4744: result: yes
configure:4744: checking for boost/function.hpp
configure:4744: result: yes
configure:4744: checking boost/lexical_cast.hpp usability
configure:4744: g++ -c -g -O2  conftest.cpp >&5
configure:4744: $? = 0
configure:4744: result: yes
configure:4744: checking boost/lexical_cast.hpp presence
configure:4744: g++ -E  conftest.cpp
configure:4744: $? = 0
configure:4744: result: yes
configure:4744: checking for boost/lexical_cast.hpp
configure:4744: result: yes
configure:4744: checking boost/shared_ptr.hpp usability
configure:4744: g++ -c -g -O2  conftest.cpp >&5
configure:4744: $? = 0
configure:4744: result: yes
configure:4744: checking boost/shared_ptr.hpp presence
configure:4744: g++ -E  conftest.cpp
configure:4744: $? = 0
configure:4744: result: yes
configure:4744: checking for boost/shared_ptr.hpp
configure:4744: result: yes
configure:4744: checking boost/foreach.hpp usability
configure:4744: g++ -c -g -O2  conftest.cpp >&5
configure:4744: $? = 0
configure:4744: result: yes
configure:4744: checking boost/foreach.hpp presence
configure:4744: g++ -E  conftest.cpp
configure:4744: $? = 0
configure:4744: result: yes
configure:4744: checking for boost/foreach.hpp
configure:4744: result: yes
configure:4758: checking boost/lambda/lambda.hpp usability
configure:4758: g++ -c -g -O2  conftest.cpp >&5
configure:4758: $? = 0
configure:4758: result: yes
configure:4758: checking boost/lambda/lambda.hpp presence
configure:4758: g++ -E  conftest.cpp
configure:4758: $? = 0
configure:4758: result: yes
configure:4758: checking for boost/lambda/lambda.hpp
configure:4758: result: yes
configure:4758: checking boost/bind.hpp usability
configure:4758: g++ -c -g -O2  conftest.cpp >&5
configure:4758: $? = 0
configure:4758: result: yes
configure:4758: checking boost/bind.hpp presence
configure:4758: g++ -E  conftest.cpp
configure:4758: $? = 0
configure:4758: result: yes
configure:4758: checking for boost/bind.hpp
configure:4758: result: yes

## ---------------- ##
## Cache variables. ##
## ---------------- ##

ac_cv_c_compiler_gnu=yes
ac_cv_cxx_compiler_gnu=yes
ac_cv_env_CCC_set=
ac_cv_env_CCC_value=
ac_cv_env_CC_set=
ac_cv_env_CC_value=
ac_cv_env_CFLAGS_set=
ac_cv_env_CFLAGS_value=
ac_cv_env_CPPFLAGS_set=
ac_cv_env_CPPFLAGS_value=
ac_cv_env_CXXCPP_set=
ac_cv_env_CXXCPP_value=
ac_cv_env_CXXFLAGS_set=
ac_cv_env_CXXFLAGS_value=
ac_cv_env_CXX_set=
ac_cv_env_CXX_value=
ac_cv_env_LDFLAGS_set=
ac_cv_env_LDFLAGS_value=
ac_cv_env_LIBS_set=
ac_cv_env_LIBS_value=
ac_cv_env_build_alias_set=
ac_cv_env_build_alias_value=
ac_cv_env_host_alias_set=
ac_cv_env_host_alias_value=
ac_cv_env_target_alias_set=
ac_cv_env_target_alias_value=
ac_cv_header_algorithm=yes
ac_cv_header_boost_bind_hpp=yes
ac_cv_header_boost_foreach_hpp=yes
ac_cv_header_boost_function_hpp=yes
ac_cv_header_boost_lambda_lambda_hpp=yes
ac_cv_header_boost_lexical_cast_hpp=yes
ac_cv_header_boost_shared_ptr_hpp=yes
ac_cv_header_fstream=yes
ac_cv_header_getopt_h=yes
ac_cv_header_inttypes_h=yes
ac_cv_header_iostream=yes
ac_cv_header_iterator=yes
ac_cv_header_limits_h=yes
ac_cv_header_list=yes
ac_cv_header_malloc_h=yes
ac_cv_header_map=yes
ac_cv_header_memory_h=yes
ac_cv_header_stack=yes
ac_cv_header_stdc=yes
ac_cv_header_stddef_h=yes
ac_cv_header_stdexcept=yes
ac_cv_header_stdint_h=yes
ac_cv_header_stdio_h=yes
ac_cv_header_stdlib_h=yes
ac_cv_header_string=yes
ac_cv_header_string_h=yes
ac_cv_header_strings_h=yes
ac_cv_header_sys_stat_h=yes
ac_cv_header_sys_types_h=yes
ac_cv_header_time_h=yes
ac_cv_header_unistd_h=yes
ac_cv_header_utility=yes
ac_cv_header_vector=yes
ac_cv_objext=o
ac_cv_path_EGREP='/bin/grep -E'
ac_cv_path_GREP=/bin/grep
ac_cv_path_install='/usr/bin/install -c'
ac_cv_path_mkdir=/bin/mkdir
ac_cv_prog_AWK=gawk
ac_cv_prog_CXXCPP='g++ -E'
ac_cv_prog_XGPERF=gperf
ac_cv_prog_ac_ct_CC=gcc
ac_cv_prog_ac_ct_CXX=g++
ac_cv_prog_ac_ct_RANLIB=ranlib
ac_cv_prog_cc_c89=
ac_cv_prog_cc_g=yes
ac_cv_prog_cxx_g=yes
ac_cv_prog_make_make_set=yes
am_cv_CC_dependencies_compiler_type=gcc3
am_cv_CXX_dependencies_compiler_type=gcc3

## ----------------- ##
## Output variables. ##
## ----------------- ##

ACLOCAL='${SHELL} /home/pawel/cern/vcdct/missing --run aclocal-1.11'
AMDEPBACKSLASH='\'
AMDEP_FALSE='#'
AMDEP_TRUE=''
AMTAR='${SHELL} /home/pawel/cern/vcdct/missing --run tar'
AM_CXXFLAGS=''
AM_LDFLAGS=''
AUTOCONF='${SHELL} /home/pawel/cern/vcdct/missing --run autoconf'
AUTOHEADER='${SHELL} /home/pawel/cern/vcdct/missing --run autoheader'
AUTOMAKE='${SHELL} /home/pawel/cern/vcdct/missing --run automake-1.11'
AWK='gawk'
CC='gcc'
CCDEPMODE='depmode=gcc3'
CFLAGS='-g -O2'
CPPFLAGS=''
CXX='g++'
CXXCPP='g++ -E'
CXXDEPMODE='depmode=gcc3'
CXXFLAGS='-g -O2'
CYGPATH_W='echo'
DEFS=''
DEPDIR='.deps'
ECHO_C=''
ECHO_N='-n'
ECHO_T=''
EGREP='/bin/grep -E'
EXEEXT=''
GREP='/bin/grep'
INSTALL_DATA='${INSTALL} -m 644'
INSTALL_PROGRAM='${INSTALL}'
INSTALL_SCRIPT='${INSTALL}'
INSTALL_STRIP_PROGRAM='$(install_sh) -c -s'
LDFLAGS=''
LIBOBJS=''
LIBS=''
LTLIBOBJS=''
MAKEINFO='${SHELL} /home/pawel/cern/vcdct/missing --run makeinfo'
MKDIR_P='/bin/mkdir -p'
OBJEXT='o'
PACKAGE='vcdct'
PACKAGE_BUGREPORT='pawel.szostek@cern.ch'
PACKAGE_NAME='vcdct'
PACKAGE_STRING='vcdct 0.1'
PACKAGE_TARNAME='vcdct'
PACKAGE_URL=''
PACKAGE_VERSION='0.1'
PATH_SEPARATOR=':'
POW_LIB=''
RANLIB='ranlib'
SET_MAKE=''
SHELL='/bin/bash'
STRIP=''
VERSION='0.1'
XGPERF='gperf'
ac_ct_CC='gcc'
ac_ct_CXX='g++'
am__EXEEXT_FALSE=''
am__EXEEXT_TRUE=''
am__fastdepCC_FALSE='#'
am__fastdepCC_TRUE=''
am__fastdepCXX_FALSE='#'
am__fastdepCXX_TRUE=''
am__include='include'
am__isrc=''
am__leading_dot='.'
am__quote=''
am__tar='${AMTAR} chof - "$$tardir"'
am__untar='${AMTAR} xf -'
bindir='${exec_prefix}/bin'
build_alias=''
datadir='${datarootdir}'
datarootdir='${prefix}/share'
docdir='${datarootdir}/doc/${PACKAGE_TARNAME}'
dvidir='${docdir}'
exec_prefix='NONE'
host_alias=''
htmldir='${docdir}'
includedir='${prefix}/include'
infodir='${datarootdir}/info'
install_sh='${SHELL} /home/pawel/cern/vcdct/install-sh'
libdir='${exec_prefix}/lib'
libexecdir='${exec_prefix}/libexec'
localedir='${datarootdir}/locale'
localstatedir='${prefix}/var'
mandir='${datarootdir}/man'
mkdir_p='/bin/mkdir -p'
oldincludedir='/usr/include'
pdfdir='${docdir}'
prefix='NONE'
program_transform_name='s,x,x,'
psdir='${docdir}'
sbindir='${exec_prefix}/sbin'
sharedstatedir='${prefix}/com'
sysconfdir='${prefix}/etc'
target_alias=''

## ----------- ##
## confdefs.h. ##
## ----------- ##

/* confdefs.h */
#define PACKAGE_NAME "vcdct"
#define PACKAGE_TARNAME "vcdct"
#define PACKAGE_VERSION "0.1"
#define PACKAGE_STRING "vcdct 0.1"
#define PACKAGE_BUGREPORT "pawel.szostek@cern.ch"
#define PACKAGE_URL ""
#define PACKAGE "vcdct"
#define VERSION "0.1"
#define STDC_HEADERS 1
#define HAVE_SYS_TYPES_H 1
#define HAVE_SYS_STAT_H 1
#define HAVE_STDLIB_H 1
#define HAVE_STRING_H 1
#define HAVE_MEMORY_H 1
#define HAVE_STRINGS_H 1
#define HAVE_INTTYPES_H 1
#define HAVE_STDINT_H 1
#define HAVE_UNISTD_H 1
#define HAVE_INTTYPES_H 1
#define HAVE_LIMITS_H 1
#define HAVE_MALLOC_H 1
#define HAVE_STDDEF_H 1
#define HAVE_STDLIB_H 1
#define HAVE_STRING_H 1
#define HAVE_UNISTD_H 1
#define HAVE_STDIO_H 1
#define HAVE_STRING 1
#define HAVE_IOSTREAM 1
#define HAVE_UTILITY 1
#define HAVE_FSTREAM 1
#define HAVE_STDEXCEPT 1
#define HAVE_LIST 1
#define HAVE_VECTOR 1
#define HAVE_MAP 1
#define HAVE_ITERATOR 1
#define HAVE_ALGORITHM 1
#define HAVE_STACK 1
#define HAVE_BOOST_FUNCTION_HPP 1
#define HAVE_BOOST_LEXICAL_CAST_HPP 1
#define HAVE_BOOST_SHARED_PTR_HPP 1
#define HAVE_BOOST_FOREACH_HPP 1
#define HAVE_BOOST_LAMBDA_LAMBDA_HPP 1
#define HAVE_BOOST_BIND_HPP 1

configure: exit 2
